<?xml version="1.0" encoding="UTF-8"?>
<!-- Generated by org.testng.reporters.JUnitXMLReporter -->
<testsuite ignored="1" hostname="PSL-DilanJ" failures="0" tests="6" name="Car Loan" time="0.103" errors="0" timestamp="2025-03-10T17:50:58 IST">
  <testcase classname="test.day3" name="MobileLoginCarLoan" time="0.002"/>
  <testcase classname="test.day3" name="MobilesigninCarLoan" time="0.005"/>
  <testcase classname="test.day3" name="MobilesigninCarLoan" time="0.003"/>
  <testcase classname="test.day3" name="MobilesigninCarLoan" time="0.003"/>
  <testcase classname="test.day3" name="WebloginCarLoan" time="0.003"/>
  <testcase classname="test.day3" name="LoginAPICarLoan" time="0.003"/>
  <testcase classname="test.day3" name="MobilesignoutCarLoan" time="0.0">
    <ignored/>
  </testcase> <!-- MobilesignoutCarLoan -->
</testsuite> <!-- Car Loan -->
