<?xml version="1.0" encoding="UTF-8"?>
<!-- Generated by org.testng.reporters.JUnitXMLReporter -->
<testsuite ignored="1" hostname="PSL-DilanJ" failures="0" tests="6" name="Car Loan" time="0.235" errors="0" timestamp="2025-03-05T17:51:24 IST">
  <testcase classname="test.day3" name="MobileLoginCarLoan" time="0.005"/>
  <testcase classname="test.day3" name="MobilesigninCarLoan" time="0.01"/>
  <testcase classname="test.day3" name="MobilesigninCarLoan" time="0.008"/>
  <testcase classname="test.day3" name="MobilesigninCarLoan" time="0.004"/>
  <testcase classname="test.day3" name="WebloginCarLoan" time="0.006"/>
  <testcase classname="test.day3" name="LoginAPICarLoan" time="0.004"/>
  <testcase classname="test.day3" name="MobilesignoutCarLoan" time="0.0">
    <ignored/>
  </testcase> <!-- MobilesignoutCarLoan -->
</testsuite> <!-- Car Loan -->
