<?xml version="1.0" encoding="UTF-8"?>
<!-- Generated by org.testng.reporters.JUnitXMLReporter -->
<testsuite ignored="1" hostname="PSL-DilanJ" failures="0" tests="5" name="Personal Loan" time="0.205" errors="0" timestamp="2025-03-10T17:50:58 IST">
  <testcase classname="test.day1" name="Demo" time="0.077"/>
  <testcase classname="test.day2" name="pload" time="0.003"/>
  <testcase classname="test.day4" name="LoginAPIHomeLoan" time="0.003"/>
  <testcase classname="test.day4" name="MobileLoginHomeLoan" time="0.006"/>
  <testcase classname="test.day4" name="WebloginHomeLoan" time="0.004"/>
  <testcase classname="test.day1" name="Secondclass" time="0.0">
    <ignored/>
  </testcase> <!-- Secondclass -->
</testsuite> <!-- Personal Loan -->
