<?xml version="1.0" encoding="UTF-8"?>
<testng-results ignored="2" total="13" passed="11" failed="0" skipped="0">
  <reporter-output>
  </reporter-output>
  <suite started-at="2025-03-10T17:50:58 IST" name="Suite" finished-at="2025-03-10T17:50:58 IST" duration-ms="367">
    <groups>
      <group name="Smoke">
        <method signature="day2.pload()[pri:0, instance:test.day2@76494737]" name="pload" class="test.day2"/>
        <method signature="day4.MobileLoginHomeLoan()[pri:0, instance:test.day4@4a003cbe]" name="MobileLoginHomeLoan" class="test.day4"/>
        <method signature="day3.MobileLoginCarLoan()[pri:0, instance:test.day3@33ecda92]" name="MobileLoginCarLoan" class="test.day3"/>
      </group> <!-- Smoke -->
    </groups>
    <test started-at="2025-03-10T17:50:58 IST" name="Personal Loan" finished-at="2025-03-10T17:50:58 IST" duration-ms="205">
      <class name="test.day4">
        <test-method signature="LoginAPIHomeLoan()[pri:0, instance:test.day4@4a003cbe]" started-at="2025-03-10T17:50:58 IST" name="LoginAPIHomeLoan" finished-at="2025-03-10T17:50:58 IST" duration-ms="3" status="PASS">
          <reporter-output>
          </reporter-output>
        </test-method> <!-- LoginAPIHomeLoan -->
        <test-method signature="MobileLoginHomeLoan()[pri:0, instance:test.day4@4a003cbe]" started-at="2025-03-10T17:50:58 IST" name="MobileLoginHomeLoan" finished-at="2025-03-10T17:50:58 IST" duration-ms="6" status="PASS">
          <reporter-output>
          </reporter-output>
        </test-method> <!-- MobileLoginHomeLoan -->
        <test-method signature="WebloginHomeLoan(java.lang.String)[pri:0, instance:test.day4@4a003cbe]" started-at="2025-03-10T17:50:58 IST" name="WebloginHomeLoan" finished-at="2025-03-10T17:50:58 IST" duration-ms="4" status="PASS">
          <params>
            <param index="0">
              <value>
                <![CDATA[personalLoan.com]]>
              </value>
            </param>
          </params>
          <reporter-output>
          </reporter-output>
        </test-method> <!-- WebloginHomeLoan -->
      </class> <!-- test.day4 -->
      <class name="test.day2">
        <test-method is-config="true" signature="prerequiste()[pri:0, instance:test.day2@76494737]" started-at="2025-03-10T17:50:58 IST" name="prerequiste" finished-at="2025-03-10T17:50:58 IST" duration-ms="0" status="PASS">
          <reporter-output>
          </reporter-output>
        </test-method> <!-- prerequiste -->
        <test-method signature="pload()[pri:0, instance:test.day2@76494737]" started-at="2025-03-10T17:50:58 IST" name="pload" finished-at="2025-03-10T17:50:58 IST" duration-ms="3" status="PASS">
          <reporter-output>
          </reporter-output>
        </test-method> <!-- pload -->
      </class> <!-- test.day2 -->
      <class name="test.day1">
        <test-method signature="Demo()[pri:0, instance:test.day1@70ed52de]" started-at="2025-03-10T17:50:58 IST" name="Demo" finished-at="2025-03-10T17:50:58 IST" duration-ms="77" status="PASS">
          <reporter-output>
          </reporter-output>
        </test-method> <!-- Demo -->
        <test-method is-config="true" signature="lastexecution()[pri:0, instance:test.day1@70ed52de]" started-at="2025-03-10T17:50:58 IST" name="lastexecution" finished-at="2025-03-10T17:50:58 IST" duration-ms="1" status="PASS">
          <reporter-output>
          </reporter-output>
        </test-method> <!-- lastexecution -->
      </class> <!-- test.day1 -->
    </test> <!-- Personal Loan -->
    <test started-at="2025-03-10T17:50:58 IST" name="Car Loan" finished-at="2025-03-10T17:50:58 IST" duration-ms="103">
      <class name="test.day3">
        <test-method is-config="true" signature="bfsuite()[pri:0, instance:test.day3@33ecda92]" started-at="2025-03-10T17:50:58 IST" name="bfsuite" finished-at="2025-03-10T17:50:58 IST" duration-ms="15" status="PASS">
          <reporter-output>
          </reporter-output>
        </test-method> <!-- bfsuite -->
        <test-method is-config="true" signature="beforeclass()[pri:0, instance:test.day3@33ecda92]" started-at="2025-03-10T17:50:58 IST" name="beforeclass" finished-at="2025-03-10T17:50:58 IST" duration-ms="1" status="PASS">
          <reporter-output>
          </reporter-output>
        </test-method> <!-- beforeclass -->
        <test-method is-config="true" signature="beforeevery()[pri:0, instance:test.day3@33ecda92]" started-at="2025-03-10T17:50:58 IST" name="beforeevery" finished-at="2025-03-10T17:50:58 IST" duration-ms="1" status="PASS">
          <reporter-output>
          </reporter-output>
        </test-method> <!-- beforeevery -->
        <test-method signature="MobileLoginCarLoan()[pri:0, instance:test.day3@33ecda92]" started-at="2025-03-10T17:50:58 IST" name="MobileLoginCarLoan" finished-at="2025-03-10T17:50:58 IST" duration-ms="2" status="PASS">
          <reporter-output>
          </reporter-output>
        </test-method> <!-- MobileLoginCarLoan -->
        <test-method is-config="true" signature="afterevery()[pri:0, instance:test.day3@33ecda92]" started-at="2025-03-10T17:50:58 IST" name="afterevery" finished-at="2025-03-10T17:50:58 IST" duration-ms="1" status="PASS">
          <reporter-output>
          </reporter-output>
        </test-method> <!-- afterevery -->
        <test-method is-config="true" signature="beforeevery()[pri:0, instance:test.day3@33ecda92]" started-at="2025-03-10T17:50:58 IST" name="beforeevery" finished-at="2025-03-10T17:50:58 IST" duration-ms="1" status="PASS">
          <reporter-output>
          </reporter-output>
        </test-method> <!-- beforeevery -->
        <test-method signature="MobilesigninCarLoan(java.lang.String,java.lang.String)[pri:0, instance:test.day3@33ecda92]" started-at="2025-03-10T17:50:58 IST" name="MobilesigninCarLoan" data-provider="getData" finished-at="2025-03-10T17:50:58 IST" duration-ms="5" status="PASS">
          <params>
            <param index="0">
              <value>
                <![CDATA[firstsetusername]]>
              </value>
            </param>
            <param index="1">
              <value>
                <![CDATA[firstpassord]]>
              </value>
            </param>
          </params>
          <reporter-output>
          </reporter-output>
        </test-method> <!-- MobilesigninCarLoan -->
        <test-method is-config="true" signature="afterevery()[pri:0, instance:test.day3@33ecda92]" started-at="2025-03-10T17:50:58 IST" name="afterevery" finished-at="2025-03-10T17:50:58 IST" duration-ms="0" status="PASS">
          <reporter-output>
          </reporter-output>
        </test-method> <!-- afterevery -->
        <test-method is-config="true" signature="beforeevery()[pri:0, instance:test.day3@33ecda92]" started-at="2025-03-10T17:50:58 IST" name="beforeevery" finished-at="2025-03-10T17:50:58 IST" duration-ms="0" status="PASS">
          <reporter-output>
          </reporter-output>
        </test-method> <!-- beforeevery -->
        <test-method signature="MobilesigninCarLoan(java.lang.String,java.lang.String)[pri:0, instance:test.day3@33ecda92]" started-at="2025-03-10T17:50:58 IST" name="MobilesigninCarLoan" data-provider="getData" finished-at="2025-03-10T17:50:58 IST" duration-ms="3" status="PASS">
          <params>
            <param index="0">
              <value>
                <![CDATA[secondsetusername]]>
              </value>
            </param>
            <param index="1">
              <value>
                <![CDATA[secondpassord]]>
              </value>
            </param>
          </params>
          <reporter-output>
          </reporter-output>
        </test-method> <!-- MobilesigninCarLoan -->
        <test-method is-config="true" signature="afterevery()[pri:0, instance:test.day3@33ecda92]" started-at="2025-03-10T17:50:58 IST" name="afterevery" finished-at="2025-03-10T17:50:58 IST" duration-ms="1" status="PASS">
          <reporter-output>
          </reporter-output>
        </test-method> <!-- afterevery -->
        <test-method is-config="true" signature="beforeevery()[pri:0, instance:test.day3@33ecda92]" started-at="2025-03-10T17:50:58 IST" name="beforeevery" finished-at="2025-03-10T17:50:58 IST" duration-ms="1" status="PASS">
          <reporter-output>
          </reporter-output>
        </test-method> <!-- beforeevery -->
        <test-method signature="MobilesigninCarLoan(java.lang.String,java.lang.String)[pri:0, instance:test.day3@33ecda92]" started-at="2025-03-10T17:50:58 IST" name="MobilesigninCarLoan" data-provider="getData" finished-at="2025-03-10T17:50:58 IST" duration-ms="3" status="PASS">
          <params>
            <param index="0">
              <value>
                <![CDATA[thirdsetusername]]>
              </value>
            </param>
            <param index="1">
              <value>
                <![CDATA[thirdpassord]]>
              </value>
            </param>
          </params>
          <reporter-output>
          </reporter-output>
        </test-method> <!-- MobilesigninCarLoan -->
        <test-method is-config="true" signature="afterevery()[pri:0, instance:test.day3@33ecda92]" started-at="2025-03-10T17:50:58 IST" name="afterevery" finished-at="2025-03-10T17:50:58 IST" duration-ms="0" status="PASS">
          <reporter-output>
          </reporter-output>
        </test-method> <!-- afterevery -->
        <test-method is-config="true" signature="beforeevery()[pri:0, instance:test.day3@33ecda92]" started-at="2025-03-10T17:50:58 IST" name="beforeevery" finished-at="2025-03-10T17:50:58 IST" duration-ms="0" status="PASS">
          <reporter-output>
          </reporter-output>
        </test-method> <!-- beforeevery -->
        <test-method signature="WebloginCarLoan(java.lang.String,java.lang.String)[pri:0, instance:test.day3@33ecda92]" started-at="2025-03-10T17:50:58 IST" name="WebloginCarLoan" finished-at="2025-03-10T17:50:58 IST" duration-ms="3" status="PASS">
          <params>
            <param index="0">
              <value>
                <![CDATA[carLoan.com]]>
              </value>
            </param>
            <param index="1">
              <value>
                <![CDATA[123456]]>
              </value>
            </param>
          </params>
          <reporter-output>
          </reporter-output>
        </test-method> <!-- WebloginCarLoan -->
        <test-method is-config="true" signature="afterevery()[pri:0, instance:test.day3@33ecda92]" started-at="2025-03-10T17:50:58 IST" name="afterevery" finished-at="2025-03-10T17:50:58 IST" duration-ms="0" status="PASS">
          <reporter-output>
          </reporter-output>
        </test-method> <!-- afterevery -->
        <test-method is-config="true" signature="beforeevery()[pri:0, instance:test.day3@33ecda92]" started-at="2025-03-10T17:50:58 IST" name="beforeevery" finished-at="2025-03-10T17:50:58 IST" duration-ms="0" status="PASS">
          <reporter-output>
          </reporter-output>
        </test-method> <!-- beforeevery -->
        <test-method signature="LoginAPICarLoan()[pri:0, instance:test.day3@33ecda92]" started-at="2025-03-10T17:50:58 IST" name="LoginAPICarLoan" finished-at="2025-03-10T17:50:58 IST" depends-on-methods="test.day3.WebloginCarLoan" duration-ms="3" status="PASS">
          <reporter-output>
          </reporter-output>
        </test-method> <!-- LoginAPICarLoan -->
        <test-method is-config="true" signature="afterevery()[pri:0, instance:test.day3@33ecda92]" started-at="2025-03-10T17:50:58 IST" name="afterevery" finished-at="2025-03-10T17:50:58 IST" duration-ms="1" status="PASS">
          <reporter-output>
          </reporter-output>
        </test-method> <!-- afterevery -->
        <test-method is-config="true" signature="afterclass()[pri:0, instance:test.day3@33ecda92]" started-at="2025-03-10T17:50:58 IST" name="afterclass" finished-at="2025-03-10T17:50:58 IST" duration-ms="1" status="PASS">
          <reporter-output>
          </reporter-output>
        </test-method> <!-- afterclass -->
      </class> <!-- test.day3 -->
      <class name="test.day1">
        <test-method is-config="true" signature="afsuite()[pri:0, instance:test.day1@70ed52de]" started-at="2025-03-10T17:50:58 IST" name="afsuite" finished-at="2025-03-10T17:50:58 IST" duration-ms="1" status="PASS">
          <reporter-output>
          </reporter-output>
        </test-method> <!-- afsuite -->
      </class> <!-- test.day1 -->
    </test> <!-- Car Loan -->
  </suite> <!-- Suite -->
</testng-results>
